0 info it worked if it ends with ok
1 verbose cli [ 'C:\\Program Files\\nodejs\\node.exe',
1 verbose cli   'C:\\Users\\L\\AppData\\Roaming\\npm\\node_modules\\npm\\bin\\npm-cli.js',
1 verbose cli   'run',
1 verbose cli   'protractor' ]
2 info using npm@4.0.5
3 info using node@v6.9.4
4 verbose run-script [ 'preprotractor', 'protractor', 'postprotractor' ]
5 info lifecycle Message-Box@0.0.0~preprotractor: Message-Box@0.0.0
6 verbose lifecycle Message-Box@0.0.0~preprotractor: unsafe-perm in lifecycle true
7 verbose lifecycle Message-Box@0.0.0~preprotractor: PATH: C:\Users\L\AppData\Roaming\npm\node_modules\npm\bin\node-gyp-bin;C:\Users\L\Documents\GitHub\AngularJs-Applications\message_box\node_modules\.bin;C:\Users\L\AppData\Local\GitHub\PortableGit_d7effa1a4a322478cd29c826b52a0c118ad3db11\cmd;C:\Users\L\AppData\Local\GitHub\PortableGit_d7effa1a4a322478cd29c826b52a0c118ad3db11\usr\bin;C:\Users\L\AppData\Local\GitHub\PortableGit_d7effa1a4a322478cd29c826b52a0c118ad3db11\usr\share\git-tfs;C:\Users\L\AppData\Local\Apps\2.0\OP7ZMP5B.KHN\XWYNAMY7.LGT\gith..tion_317444273a93ac29_0003.0003_665ccbdbd3c2d8d4;C:\Users\L\AppData\Local\GitHub\lfs-amd64_1.3.1;C:\Program Files\Common Files\Microsoft Shared\Windows Live;C:\Program Files (x86)\Common Files\Microsoft Shared\Windows Live;C:\WINDOWS\system32;C:\WINDOWS;C:\WINDOWS\System32\Wbem;C:\WINDOWS\System32\WindowsPowerShell\v1.0\;C:\Program Files\Lenovo\Bluetooth Software\;C:\Program Files\Lenovo\Bluetooth Software\syswow64;C:\Program Files (x86)\Windows Live\Shared;C:\Program Files (x86)\Java\jdk1.6.0_07\bin;c:\Program Files (x86)\Microsoft SQL Server\90\Tools\binn\;C:\Program Files (x86)\Skype\Phone\;C:\Program Files (x86)\Brackets\command;C:\WINDOWS\system32\config\systemprofile\.dnx\bin;C:\Program Files\Microsoft DNX\Dnvm\;C:\Program Files\Microsoft SQL Server\130\Tools\Binn\;C:\Users\L\Documents\GitHub;C:\Program Files\nodejs\;C:\Program Files (x86)\Java\jdk1.6.0_07\bin;C:\sdk\platform-tools;C:\sdk\tools;C:\Users\L\AppData\Local\Microsoft\WindowsApps;C:\Users\L\AppData\Roaming\npm;C:\Program Files\nodejs;C:\Users\L\Documents\GitHub;C:\Program Files (x86)\MSBuild\14.0\bin\;C:\Program Files (x86)\Microsoft SDKs\Windows\v8.1A\bin\NETFX 4.5.1 Tools\x64
8 verbose lifecycle Message-Box@0.0.0~preprotractor: CWD: C:\Users\L\Documents\GitHub\AngularJs-Applications\message_box
9 silly lifecycle Message-Box@0.0.0~preprotractor: Args: [ '/d /s /c', 'npm run update-webdriver' ]
10 silly lifecycle Message-Box@0.0.0~preprotractor: Returned: code: 0  signal: null
11 info lifecycle Message-Box@0.0.0~protractor: Message-Box@0.0.0
12 verbose lifecycle Message-Box@0.0.0~protractor: unsafe-perm in lifecycle true
13 verbose lifecycle Message-Box@0.0.0~protractor: PATH: C:\Users\L\AppData\Roaming\npm\node_modules\npm\bin\node-gyp-bin;C:\Users\L\Documents\GitHub\AngularJs-Applications\message_box\node_modules\.bin;C:\Users\L\AppData\Local\GitHub\PortableGit_d7effa1a4a322478cd29c826b52a0c118ad3db11\cmd;C:\Users\L\AppData\Local\GitHub\PortableGit_d7effa1a4a322478cd29c826b52a0c118ad3db11\usr\bin;C:\Users\L\AppData\Local\GitHub\PortableGit_d7effa1a4a322478cd29c826b52a0c118ad3db11\usr\share\git-tfs;C:\Users\L\AppData\Local\Apps\2.0\OP7ZMP5B.KHN\XWYNAMY7.LGT\gith..tion_317444273a93ac29_0003.0003_665ccbdbd3c2d8d4;C:\Users\L\AppData\Local\GitHub\lfs-amd64_1.3.1;C:\Program Files\Common Files\Microsoft Shared\Windows Live;C:\Program Files (x86)\Common Files\Microsoft Shared\Windows Live;C:\WINDOWS\system32;C:\WINDOWS;C:\WINDOWS\System32\Wbem;C:\WINDOWS\System32\WindowsPowerShell\v1.0\;C:\Program Files\Lenovo\Bluetooth Software\;C:\Program Files\Lenovo\Bluetooth Software\syswow64;C:\Program Files (x86)\Windows Live\Shared;C:\Program Files (x86)\Java\jdk1.6.0_07\bin;c:\Program Files (x86)\Microsoft SQL Server\90\Tools\binn\;C:\Program Files (x86)\Skype\Phone\;C:\Program Files (x86)\Brackets\command;C:\WINDOWS\system32\config\systemprofile\.dnx\bin;C:\Program Files\Microsoft DNX\Dnvm\;C:\Program Files\Microsoft SQL Server\130\Tools\Binn\;C:\Users\L\Documents\GitHub;C:\Program Files\nodejs\;C:\Program Files (x86)\Java\jdk1.6.0_07\bin;C:\sdk\platform-tools;C:\sdk\tools;C:\Users\L\AppData\Local\Microsoft\WindowsApps;C:\Users\L\AppData\Roaming\npm;C:\Program Files\nodejs;C:\Users\L\Documents\GitHub;C:\Program Files (x86)\MSBuild\14.0\bin\;C:\Program Files (x86)\Microsoft SDKs\Windows\v8.1A\bin\NETFX 4.5.1 Tools\x64
14 verbose lifecycle Message-Box@0.0.0~protractor: CWD: C:\Users\L\Documents\GitHub\AngularJs-Applications\message_box
15 silly lifecycle Message-Box@0.0.0~protractor: Args: [ '/d /s /c', 'protractor e2e-tests/protractor.conf.js' ]
16 silly lifecycle Message-Box@0.0.0~protractor: Returned: code: 1  signal: null
17 info lifecycle Message-Box@0.0.0~protractor: Failed to exec protractor script
18 verbose stack Error: Message-Box@0.0.0 protractor: `protractor e2e-tests/protractor.conf.js`
18 verbose stack Exit status 1
18 verbose stack     at EventEmitter.<anonymous> (C:\Users\L\AppData\Roaming\npm\node_modules\npm\lib\utils\lifecycle.js:279:16)
18 verbose stack     at emitTwo (events.js:106:13)
18 verbose stack     at EventEmitter.emit (events.js:191:7)
18 verbose stack     at ChildProcess.<anonymous> (C:\Users\L\AppData\Roaming\npm\node_modules\npm\lib\utils\spawn.js:40:14)
18 verbose stack     at emitTwo (events.js:106:13)
18 verbose stack     at ChildProcess.emit (events.js:191:7)
18 verbose stack     at maybeClose (internal/child_process.js:877:16)
18 verbose stack     at Process.ChildProcess._handle.onexit (internal/child_process.js:226:5)
19 verbose pkgid Message-Box@0.0.0
20 verbose cwd C:\Users\L\Documents\GitHub\AngularJs-Applications\message_box
21 error Windows_NT 10.0.14393
22 error argv "C:\\Program Files\\nodejs\\node.exe" "C:\\Users\\L\\AppData\\Roaming\\npm\\node_modules\\npm\\bin\\npm-cli.js" "run" "protractor"
23 error node v6.9.4
24 error npm  v4.0.5
25 error code ELIFECYCLE
26 error Message-Box@0.0.0 protractor: `protractor e2e-tests/protractor.conf.js`
26 error Exit status 1
27 error Failed at the Message-Box@0.0.0 protractor script 'protractor e2e-tests/protractor.conf.js'.
27 error Make sure you have the latest version of node.js and npm installed.
27 error If you do, this is most likely a problem with the Message-Box package,
27 error not with npm itself.
27 error Tell the author that this fails on your system:
27 error     protractor e2e-tests/protractor.conf.js
27 error You can get information on how to open an issue for this project with:
27 error     npm bugs Message-Box
27 error Or if that isn't available, you can get their info via:
27 error     npm owner ls Message-Box
27 error There is likely additional logging output above.
28 verbose exit [ 1, true ]
